<?xml version="1.0" encoding="UTF-8"?>
<!-- Generated by org.testng.reporters.JUnitXMLReporter -->
<testsuite ignored="1" hostname="Prakash-Laptop" failures="0" tests="1" name="Test" time="13.436" errors="0" timestamp="2024-12-19T05:53:46 GMT-05:00">
  <testcase classname="testCases.TC002_LoginTest" name="verify_login" time="8.484"/>
  <testcase classname="testCases.TC003_LoginDDT" name="verify_loginDDT" time="0.0">
    <ignored/>
  </testcase> <!-- verify_loginDDT -->
</testsuite> <!-- Test -->
