<?xml version="1.0" encoding="UTF-8"?>
<testng-results ignored="0" total="1" passed="1" failed="0" skipped="0">
  <reporter-output>
  </reporter-output>
  <suite started-at="2024-12-19T13:00:57 GMT-05:00" name="Master suite" finished-at="2024-12-19T13:01:16 GMT-05:00" duration-ms="18976">
    <groups>
      <group name="Master">
        <method signature="TC002_LoginTest.verify_login()[pri:0, instance:testCases.TC002_LoginTest@7b420819]" name="verify_login" class="testCases.TC002_LoginTest"/>
      </group> <!-- Master -->
      <group name="Sanity">
        <method signature="TC002_LoginTest.verify_login()[pri:0, instance:testCases.TC002_LoginTest@7b420819]" name="verify_login" class="testCases.TC002_LoginTest"/>
      </group> <!-- Sanity -->
    </groups>
    <test started-at="2024-12-19T13:00:57 GMT-05:00" name="Test" finished-at="2024-12-19T13:01:16 GMT-05:00" duration-ms="18976">
      <class name="testCases.TC002_LoginTest">
        <test-method is-config="true" signature="setup(java.lang.String,java.lang.String)[pri:0, instance:testCases.TC002_LoginTest@7b420819]" started-at="2024-12-19T13:00:57 GMT-05:00" name="setup" finished-at="2024-12-19T13:01:05 GMT-05:00" duration-ms="7691" status="PASS">
          <params>
            <param index="0">
              <value>
                <![CDATA[Windows]]>
              </value>
            </param>
            <param index="1">
              <value>
                <![CDATA[chrome]]>
              </value>
            </param>
          </params>
          <reporter-output>
          </reporter-output>
        </test-method> <!-- setup -->
        <test-method signature="verify_login()[pri:0, instance:testCases.TC002_LoginTest@7b420819]" started-at="2024-12-19T13:01:05 GMT-05:00" name="verify_login" finished-at="2024-12-19T13:01:15 GMT-05:00" duration-ms="10284" status="PASS">
          <reporter-output>
          </reporter-output>
        </test-method> <!-- verify_login -->
        <test-method is-config="true" signature="tearDown()[pri:0, instance:testCases.TC002_LoginTest@7b420819]" started-at="2024-12-19T13:01:15 GMT-05:00" name="tearDown" finished-at="2024-12-19T13:01:16 GMT-05:00" duration-ms="429" status="PASS">
          <reporter-output>
          </reporter-output>
        </test-method> <!-- tearDown -->
      </class> <!-- testCases.TC002_LoginTest -->
    </test> <!-- Test -->
  </suite> <!-- Master suite -->
</testng-results>
